<?xml version="1.0" encoding="UTF-8"?>
<testng-results skipped="0" failed="0" total="1" passed="1">
  <reporter-output>
  </reporter-output>
  <suite name="script.SmokeTest" duration-ms="55" started-at="2014-11-14T03:35:39Z" finished-at="2014-11-14T03:35:39Z">
    <groups>
    </groups>
    <test name="Command line test" duration-ms="55" started-at="2014-11-14T03:35:39Z" finished-at="2014-11-14T03:35:39Z">
      <class name="script.SmokeTest">
        <test-method status="PASS" signature="TitleValidationTest()[pri:0, instance:script.SmokeTest@1dfb72a]" name="TitleValidationTest" duration-ms="27" started-at="2014-11-13T22:35:39Z" finished-at="2014-11-13T22:35:39Z">
          <reporter-output>
          </reporter-output>
        </test-method> <!-- TitleValidationTest -->
      </class> <!-- script.SmokeTest -->
    </test> <!-- Command line test -->
  </suite> <!-- script.SmokeTest -->
</testng-results>
